This is pdfTeX, Version 3.141592653-2.6-1.40.26 (MiKTeX 24.4) (preloaded format=pdflatex 2024.5.19)  23 JUN 2025 23:24
entering extended mode
 restricted \write18 enabled.
 %&-line parsing enabled.
**./main.tex
(main.tex
LaTeX2e <2023-11-01> patch level 1
L3 programming layer <2024-04-11>
(C:\Users\pc\AppData\Local\Programs\MiKTeX\tex/latex/base\article.cls
Document Class: article 2023/05/17 v1.4n Standard LaTeX document class
(C:\Users\pc\AppData\Local\Programs\MiKTeX\tex/latex/base\size12.clo
File: size12.clo 2023/05/17 v1.4n Standard LaTeX file (size option)
)
\c@part=\count189
\c@section=\count190
\c@subsection=\count191
\c@subsubsection=\count192
\c@paragraph=\count193
\c@subparagraph=\count194
\c@figure=\count195
\c@table=\count196
\abovecaptionskip=\skip48
\belowcaptionskip=\skip49
\bibindent=\dimen140
)
(C:\Users\pc\AppData\Local\Programs\MiKTeX\tex/latex/base\inputenc.sty
Package: inputenc 2021/02/14 v1.3d Input encoding file
\inpenc@prehook=\toks17
\inpenc@posthook=\toks18
)
(C:\Users\pc\AppData\Local\Programs\MiKTeX\tex/latex/base\fontenc.sty
Package: fontenc 2021/04/29 v2.0v Standard LaTeX package
)
(C:\Users\pc\AppData\Local\Programs\MiKTeX\tex/latex/graphics\graphicx.sty
Package: graphicx 2021/09/16 v1.2d Enhanced LaTeX Graphics (DPC,SPQR)

(C:\Users\pc\AppData\Local\Programs\MiKTeX\tex/latex/graphics\keyval.sty
Package: keyval 2022/05/29 v1.15 key=value parser (DPC)
\KV@toks@=\toks19
)
(C:\Users\pc\AppData\Local\Programs\MiKTeX\tex/latex/graphics\graphics.sty
Package: graphics 2022/03/10 v1.4e Standard LaTeX Graphics (DPC,SPQR)

(C:\Users\pc\AppData\Local\Programs\MiKTeX\tex/latex/graphics\trig.sty
Package: trig 2021/08/11 v1.11 sin cos tan (DPC)
)
(C:\Users\pc\AppData\Local\Programs\MiKTeX\tex/latex/graphics-cfg\graphics.cfg
File: graphics.cfg 2016/06/04 v1.11 sample graphics configuration
)
Package graphics Info: Driver file: pdftex.def on input line 107.
(C:\Users\pc\AppData\Local\Programs\MiKTeX\tex/latex/graphics-def\pdftex.def
File: pdftex.def 2024/04/13 v1.2c Graphics/color driver for pdftex
))
\Gin@req@height=\dimen141
\Gin@req@width=\dimen142
) (C:\Users\pc\AppData\Local\Programs\MiKTeX\tex/latex/float\float.sty
Package: float 2001/11/08 v1.3d Float enhancements (AL)
\c@float@type=\count197
\float@exts=\toks20
\float@box=\box51
\@float@everytoks=\toks21
\@floatcapt=\box52
)
(C:\Users\pc\AppData\Local\Programs\MiKTeX\tex/latex/geometry\geometry.sty
Package: geometry 2020/01/02 v5.9 Page Geometry

(C:\Users\pc\AppData\Local\Programs\MiKTeX\tex/generic/iftex\ifvtex.sty
Package: ifvtex 2019/10/25 v1.7 ifvtex legacy package. Use iftex instead.

(C:\Users\pc\AppData\Local\Programs\MiKTeX\tex/generic/iftex\iftex.sty
Package: iftex 2022/02/03 v1.0f TeX engine tests
))
\Gm@cnth=\count198
\Gm@cntv=\count199
\c@Gm@tempcnt=\count266
\Gm@bindingoffset=\dimen143
\Gm@wd@mp=\dimen144
\Gm@odd@mp=\dimen145
\Gm@even@mp=\dimen146
\Gm@layoutwidth=\dimen147
\Gm@layoutheight=\dimen148
\Gm@layouthoffset=\dimen149
\Gm@layoutvoffset=\dimen150
\Gm@dimlist=\toks22

(C:\Users\pc\AppData\Local\Programs\MiKTeX\tex/latex/geometry\geometry.cfg))
(C:\Users\pc\AppData\Local\Programs\MiKTeX\tex/latex/ragged2e\ragged2e.sty
Package: ragged2e 2023/06/22 v3.6 ragged2e Package
\CenteringLeftskip=\skip50
\RaggedLeftLeftskip=\skip51
\RaggedRightLeftskip=\skip52
\CenteringRightskip=\skip53
\RaggedLeftRightskip=\skip54
\RaggedRightRightskip=\skip55
\CenteringParfillskip=\skip56
\RaggedLeftParfillskip=\skip57
\RaggedRightParfillskip=\skip58
\JustifyingParfillskip=\skip59
\CenteringParindent=\skip60
\RaggedLeftParindent=\skip61
\RaggedRightParindent=\skip62
\JustifyingParindent=\skip63
)
(C:\Users\pc\AppData\Local\Programs\MiKTeX\tex/latex/listings\listings.sty
\lst@mode=\count267
\lst@gtempboxa=\box53
\lst@token=\toks23
\lst@length=\count268
\lst@currlwidth=\dimen151
\lst@column=\count269
\lst@pos=\count270
\lst@lostspace=\dimen152
\lst@width=\dimen153
\lst@newlines=\count271
\lst@lineno=\count272
\lst@maxwidth=\dimen154

(C:\Users\pc\AppData\Local\Programs\MiKTeX\tex/latex/listings\lstpatch.sty
File: lstpatch.sty 2024/03/11 1.10a (Carsten Heinz)
)
(C:\Users\pc\AppData\Local\Programs\MiKTeX\tex/latex/listings\lstmisc.sty
File: lstmisc.sty 2024/03/11 1.10a (Carsten Heinz)
\c@lstnumber=\count273
\lst@skipnumbers=\count274
\lst@framebox=\box54
)
(C:\Users\pc\AppData\Local\Programs\MiKTeX\tex/latex/listings\listings.cfg
File: listings.cfg 2024/03/11 1.10a listings configuration
))
Package: listings 2024/03/11 1.10a (Carsten Heinz)

(C:\Users\pc\AppData\Local\Programs\MiKTeX\tex/latex/xcolor\xcolor.sty
Package: xcolor 2023/11/15 v3.01 LaTeX color extensions (UK)

(C:\Users\pc\AppData\Local\Programs\MiKTeX\tex/latex/graphics-cfg\color.cfg
File: color.cfg 2016/01/02 v1.6 sample color configuration
)
Package xcolor Info: Driver file: pdftex.def on input line 274.

(C:\Users\pc\AppData\Local\Programs\MiKTeX\tex/latex/graphics\mathcolor.ltx)
Package xcolor Info: Model `cmy' substituted by `cmy0' on input line 1350.
Package xcolor Info: Model `hsb' substituted by `rgb' on input line 1354.
Package xcolor Info: Model `RGB' extended on input line 1366.
Package xcolor Info: Model `HTML' substituted by `rgb' on input line 1368.
Package xcolor Info: Model `Hsb' substituted by `hsb' on input line 1369.
Package xcolor Info: Model `tHsb' substituted by `hsb' on input line 1370.
Package xcolor Info: Model `HSB' substituted by `hsb' on input line 1371.
Package xcolor Info: Model `Gray' substituted by `gray' on input line 1372.
Package xcolor Info: Model `wave' substituted by `hsb' on input line 1373.
)
(C:\Users\pc\AppData\Local\Programs\MiKTeX\tex/latex/caption\caption.sty
Package: caption 2023/08/05 v3.6o Customizing captions (AR)

(C:\Users\pc\AppData\Local\Programs\MiKTeX\tex/latex/caption\caption3.sty
Package: caption3 2023/07/31 v2.4d caption3 kernel (AR)
\caption@tempdima=\dimen155
\captionmargin=\dimen156
\caption@leftmargin=\dimen157
\caption@rightmargin=\dimen158
\caption@width=\dimen159
\caption@indent=\dimen160
\caption@parindent=\dimen161
\caption@hangindent=\dimen162
Package caption Info: Standard document class detected.
)
\c@caption@flags=\count275
\c@continuedfloat=\count276
Package caption Info: float package is loaded.
Package caption Info: listings package is loaded.
)
(C:\Users\pc\AppData\Local\Programs\MiKTeX\tex/latex/hyperref\hyperref.sty
Package: hyperref 2024-01-20 v7.01h Hypertext links for LaTeX

(C:\Users\pc\AppData\Local\Programs\MiKTeX\tex/latex/kvsetkeys\kvsetkeys.sty
Package: kvsetkeys 2022-10-05 v1.19 Key value parser (HO)
)
(C:\Users\pc\AppData\Local\Programs\MiKTeX\tex/generic/kvdefinekeys\kvdefinekey
s.sty
Package: kvdefinekeys 2019-12-19 v1.6 Define keys (HO)
)
(C:\Users\pc\AppData\Local\Programs\MiKTeX\tex/generic/pdfescape\pdfescape.sty
Package: pdfescape 2019/12/09 v1.15 Implements pdfTeX's escape features (HO)

(C:\Users\pc\AppData\Local\Programs\MiKTeX\tex/generic/ltxcmds\ltxcmds.sty
Package: ltxcmds 2023-12-04 v1.26 LaTeX kernel commands for general use (HO)
)
(C:\Users\pc\AppData\Local\Programs\MiKTeX\tex/generic/pdftexcmds\pdftexcmds.st
y
Package: pdftexcmds 2020-06-27 v0.33 Utility functions of pdfTeX for LuaTeX (HO
)

(C:\Users\pc\AppData\Local\Programs\MiKTeX\tex/generic/infwarerr\infwarerr.sty
Package: infwarerr 2019/12/03 v1.5 Providing info/warning/error messages (HO)
)
Package pdftexcmds Info: \pdf@primitive is available.
Package pdftexcmds Info: \pdf@ifprimitive is available.
Package pdftexcmds Info: \pdfdraftmode found.
)) (C:\Users\pc\AppData\Local\Programs\MiKTeX\tex/latex/hycolor\hycolor.sty
Package: hycolor 2020-01-27 v1.10 Color options for hyperref/bookmark (HO)
)
(C:\Users\pc\AppData\Local\Programs\MiKTeX\tex/latex/auxhook\auxhook.sty
Package: auxhook 2019-12-17 v1.6 Hooks for auxiliary files (HO)
)
(C:\Users\pc\AppData\Local\Programs\MiKTeX\tex/latex/hyperref\nameref.sty
Package: nameref 2023-11-26 v2.56 Cross-referencing by name of section

(C:\Users\pc\AppData\Local\Programs\MiKTeX\tex/latex/refcount\refcount.sty
Package: refcount 2019/12/15 v3.6 Data extraction from label references (HO)
)
(C:\Users\pc\AppData\Local\Programs\MiKTeX\tex/generic/gettitlestring\gettitles
tring.sty
Package: gettitlestring 2019/12/15 v1.6 Cleanup title references (HO)

(C:\Users\pc\AppData\Local\Programs\MiKTeX\tex/latex/kvoptions\kvoptions.sty
Package: kvoptions 2022-06-15 v3.15 Key value format for package options (HO)
))
\c@section@level=\count277
) (C:\Users\pc\AppData\Local\Programs\MiKTeX\tex/latex/etoolbox\etoolbox.sty
Package: etoolbox 2020/10/05 v2.5k e-TeX tools for LaTeX (JAW)
\etb@tempcnta=\count278
)
\@linkdim=\dimen163
\Hy@linkcounter=\count279
\Hy@pagecounter=\count280

(C:\Users\pc\AppData\Local\Programs\MiKTeX\tex/latex/hyperref\pd1enc.def
File: pd1enc.def 2024-01-20 v7.01h Hyperref: PDFDocEncoding definition (HO)
Now handling font encoding PD1 ...
... no UTF-8 mapping file for font encoding PD1
)
(C:\Users\pc\AppData\Local\Programs\MiKTeX\tex/generic/intcalc\intcalc.sty
Package: intcalc 2019/12/15 v1.3 Expandable calculations with integers (HO)
)
\Hy@SavedSpaceFactor=\count281

(C:\Users\pc\AppData\Local\Programs\MiKTeX\tex/latex/hyperref\puenc.def
File: puenc.def 2024-01-20 v7.01h Hyperref: PDF Unicode definition (HO)
Now handling font encoding PU ...
... no UTF-8 mapping file for font encoding PU
)
Package hyperref Info: Hyper figures OFF on input line 4179.
Package hyperref Info: Link nesting OFF on input line 4184.
Package hyperref Info: Hyper index ON on input line 4187.
Package hyperref Info: Plain pages OFF on input line 4194.
Package hyperref Info: Backreferencing OFF on input line 4199.
Package hyperref Info: Implicit mode ON; LaTeX internals redefined.
Package hyperref Info: Bookmarks ON on input line 4446.
\c@Hy@tempcnt=\count282

(C:\Users\pc\AppData\Local\Programs\MiKTeX\tex/latex/url\url.sty
\Urlmuskip=\muskip16
Package: url 2013/09/16  ver 3.4  Verb mode for urls, etc.
)
LaTeX Info: Redefining \url on input line 4784.
\XeTeXLinkMargin=\dimen164

(C:\Users\pc\AppData\Local\Programs\MiKTeX\tex/generic/bitset\bitset.sty
Package: bitset 2019/12/09 v1.3 Handle bit-vector datatype (HO)

(C:\Users\pc\AppData\Local\Programs\MiKTeX\tex/generic/bigintcalc\bigintcalc.st
y
Package: bigintcalc 2019/12/15 v1.5 Expandable calculations on big integers (HO
)
))
\Fld@menulength=\count283
\Field@Width=\dimen165
\Fld@charsize=\dimen166
Package hyperref Info: Hyper figures OFF on input line 6063.
Package hyperref Info: Link nesting OFF on input line 6068.
Package hyperref Info: Hyper index ON on input line 6071.
Package hyperref Info: backreferencing OFF on input line 6078.
Package hyperref Info: Link coloring OFF on input line 6083.
Package hyperref Info: Link coloring with OCG OFF on input line 6088.
Package hyperref Info: PDF/A mode OFF on input line 6093.
 (C:\Users\pc\AppData\Local\Programs\MiKTeX\tex/latex/base\atbegshi-ltx.sty
Package: atbegshi-ltx 2021/01/10 v1.0c Emulation of the original atbegshi
package with kernel methods
)
\Hy@abspage=\count284
\c@Item=\count285
\c@Hfootnote=\count286
)
Package hyperref Info: Driver (autodetected): hpdftex.
 (C:\Users\pc\AppData\Local\Programs\MiKTeX\tex/latex/hyperref\hpdftex.def
File: hpdftex.def 2024-01-20 v7.01h Hyperref driver for pdfTeX

(C:\Users\pc\AppData\Local\Programs\MiKTeX\tex/latex/base\atveryend-ltx.sty
Package: atveryend-ltx 2020/08/19 v1.0a Emulation of the original atveryend pac
kage
with kernel methods
)
\Fld@listcount=\count287
\c@bookmark@seq@number=\count288

(C:\Users\pc\AppData\Local\Programs\MiKTeX\tex/latex/rerunfilecheck\rerunfilech
eck.sty
Package: rerunfilecheck 2022-07-10 v1.10 Rerun checks for auxiliary files (HO)

(C:\Users\pc\AppData\Local\Programs\MiKTeX\tex/generic/uniquecounter\uniquecoun
ter.sty
Package: uniquecounter 2019/12/15 v1.4 Provide unlimited unique counter (HO)
)
Package uniquecounter Info: New unique counter `rerunfilecheck' on input line 2
85.
)
\Hy@SectionHShift=\skip64
)
(C:\Users\pc\AppData\Local\Programs\MiKTeX\tex/latex/l3backend\l3backend-pdftex
.def
File: l3backend-pdftex.def 2024-04-11 L3 backend support: PDF output (pdfTeX)
\l__color_backend_stack_int=\count289
\l__pdf_internal_box=\box55
) (main.aux)
\openout1 = `main.aux'.

LaTeX Font Info:    Checking defaults for OML/cmm/m/it on input line 59.
LaTeX Font Info:    ... okay on input line 59.
LaTeX Font Info:    Checking defaults for OMS/cmsy/m/n on input line 59.
LaTeX Font Info:    ... okay on input line 59.
LaTeX Font Info:    Checking defaults for OT1/cmr/m/n on input line 59.
LaTeX Font Info:    ... okay on input line 59.
LaTeX Font Info:    Checking defaults for T1/cmr/m/n on input line 59.
LaTeX Font Info:    ... okay on input line 59.
LaTeX Font Info:    Checking defaults for TS1/cmr/m/n on input line 59.
LaTeX Font Info:    ... okay on input line 59.
LaTeX Font Info:    Checking defaults for OMX/cmex/m/n on input line 59.
LaTeX Font Info:    ... okay on input line 59.
LaTeX Font Info:    Checking defaults for U/cmr/m/n on input line 59.
LaTeX Font Info:    ... okay on input line 59.
LaTeX Font Info:    Checking defaults for PD1/pdf/m/n on input line 59.
LaTeX Font Info:    ... okay on input line 59.
LaTeX Font Info:    Checking defaults for PU/pdf/m/n on input line 59.
LaTeX Font Info:    ... okay on input line 59.

(C:\Users\pc\AppData\Local\Programs\MiKTeX\tex/context/base/mkii\supp-pdf.mkii
[Loading MPS to PDF converter (version 2006.09.02).]
\scratchcounter=\count290
\scratchdimen=\dimen167
\scratchbox=\box56
\nofMPsegments=\count291
\nofMParguments=\count292
\everyMPshowfont=\toks24
\MPscratchCnt=\count293
\MPscratchDim=\dimen168
\MPnumerator=\count294
\makeMPintoPDFobject=\count295
\everyMPtoPDFconversion=\toks25
)
(C:\Users\pc\AppData\Local\Programs\MiKTeX\tex/latex/epstopdf-pkg\epstopdf-base
.sty
Package: epstopdf-base 2020-01-24 v2.11 Base part for package epstopdf
Package epstopdf-base Info: Redefining graphics rule for `.eps' on input line 4
85.

(C:\Users\pc\AppData\Local\Programs\MiKTeX\tex/latex/00miktex\epstopdf-sys.cfg
File: epstopdf-sys.cfg 2021/03/18 v2.0 Configuration of epstopdf for MiKTeX
))
*geometry* driver: auto-detecting
*geometry* detected driver: pdftex
*geometry* verbose mode - [ preamble ] result:
* driver: pdftex
* paper: <default>
* layout: <same size as paper>
* layoutoffset:(h,v)=(0.0pt,0.0pt)
* modes: 
* h-part:(L,W,R)=(28.45274pt, 557.38951pt, 28.45274pt)
* v-part:(T,H,B)=(56.9055pt, 681.15898pt, 56.9055pt)
* \paperwidth=614.295pt
* \paperheight=794.96999pt
* \textwidth=557.38951pt
* \textheight=681.15898pt
* \oddsidemargin=-43.81725pt
* \evensidemargin=-43.81725pt
* \topmargin=-52.36449pt
* \headheight=12.0pt
* \headsep=25.0pt
* \topskip=12.0pt
* \footskip=30.0pt
* \marginparwidth=44.0pt
* \marginparsep=10.0pt
* \columnsep=10.0pt
* \skip\footins=10.8pt plus 4.0pt minus 2.0pt
* \hoffset=0.0pt
* \voffset=0.0pt
* \mag=1000
* \@twocolumnfalse
* \@twosidefalse
* \@mparswitchfalse
* \@reversemarginfalse
* (1in=72.27pt=25.4mm, 1cm=28.453pt)

\c@lstlisting=\count296
Package caption Info: Begin \AtBeginDocument code.
Package caption Info: hyperref package is loaded.
Package caption Info: End \AtBeginDocument code.
Package hyperref Info: Link coloring OFF on input line 59.
(main.out) (main.out)
\@outlinefile=\write3
\openout3 = `main.out'.

<ZdjÄ™cia/Polsl.png, id=47, 447.92343pt x 150.5625pt>
File: ZdjÄ™cia/Polsl.png Graphic file (type png)
<use ZdjÄ™cia/Polsl.png>
Package pdftex.def Info: ZdjÄ™cia/Polsl.png  used on input line 62.
(pdftex.def)             Requested size: 445.9133pt x 149.89127pt.
LaTeX Font Info:    External font `cmex10' loaded for size
(Font)              <14.4> on input line 66.
LaTeX Font Info:    External font `cmex10' loaded for size
(Font)              <7> on input line 66.


LaTeX Warning: No \author given.

[1

{C:/Users/pc/AppData/Local/MiKTeX/fonts/map/pdftex/pdftex.map} <./ZdjÄ™cia/Pols
l.png>] [2]
LaTeX Font Info:    Trying to load font information for T1+cmtt on input line 1
36.

(C:\Users\pc\AppData\Local\Programs\MiKTeX\tex/latex/base\t1cmtt.fd
File: t1cmtt.fd 2023/04/13 v2.5m Standard LaTeX font definitions
)
Underfull \hbox (badness 10000) in paragraph at lines 158--160

 []

LaTeX Font Info:    External font `cmex10' loaded for size
(Font)              <12> on input line 174.
LaTeX Font Info:    External font `cmex10' loaded for size
(Font)              <8> on input line 174.
LaTeX Font Info:    External font `cmex10' loaded for size
(Font)              <6> on input line 174.
[3] [4]
<ZdjÄ™cia/bibliotekaAssets.png, id=88, 1297.84875pt x 321.2pt>
File: ZdjÄ™cia/bibliotekaAssets.png Graphic file (type png)
<use ZdjÄ™cia/bibliotekaAssets.png>
Package pdftex.def Info: ZdjÄ™cia/bibliotekaAssets.png  used on input line 235.

(pdftex.def)             Requested size: 418.04213pt x 103.45755pt.
 [5 <./ZdjÄ™cia/bibliotekaAssets.png>]
<ZdjÄ™cia/cyfrowyBlizniakUnitryGo2.png, id=97, 843.15pt x 476.78125pt>
File: ZdjÄ™cia/cyfrowyBlizniakUnitryGo2.png Graphic file (type png)
<use ZdjÄ™cia/cyfrowyBlizniakUnitryGo2.png>
Package pdftex.def Info: ZdjÄ™cia/cyfrowyBlizniakUnitryGo2.png  used on input l
ine 244.
(pdftex.def)             Requested size: 390.17094pt x 220.63155pt.
<ZdjÄ™cia/groundPlane.png, id=98, 1297.84875pt x 736.7525pt>
File: ZdjÄ™cia/groundPlane.png Graphic file (type png)
<use ZdjÄ™cia/groundPlane.png>
Package pdftex.def Info: ZdjÄ™cia/groundPlane.png  used on input line 251.
(pdftex.def)             Requested size: 390.17094pt x 221.48837pt.
 [6

 <./ZdjÄ™cia/cyfrowyBlizniakUnitryGo2.png> <./ZdjÄ™cia/groundPlane.png>]
<ZdjÄ™cia/dodanieActionGraph.png, id=107, 563.10374pt x 488.82625pt>
File: ZdjÄ™cia/dodanieActionGraph.png Graphic file (type png)
<use ZdjÄ™cia/dodanieActionGraph.png>
Package pdftex.def Info: ZdjÄ™cia/dodanieActionGraph.png  used on input line 26
9.
(pdftex.def)             Requested size: 278.69475pt x 241.93617pt.
 [7

 <./ZdjÄ™cia/dodanieActionGraph.png>]
<ZdjÄ™cia/actionGraph.png, id=116, 1856.9375pt x 1056.94875pt>
File: ZdjÄ™cia/actionGraph.png Graphic file (type png)
<use ZdjÄ™cia/actionGraph.png>
Package pdftex.def Info: ZdjÄ™cia/actionGraph.png  used on input line 278.
(pdftex.def)             Requested size: 418.04213pt x 237.94835pt.
<ZdjÄ™cia/ustawieniaMakeArray.png, id=118, 560.0925pt x 516.93124pt>
File: ZdjÄ™cia/ustawieniaMakeArray.png Graphic file (type png)
<use ZdjÄ™cia/ustawieniaMakeArray.png>
Package pdftex.def Info: ZdjÄ™cia/ustawieniaMakeArray.png  used on input line 2
89.
(pdftex.def)             Requested size: 278.69475pt x 257.22661pt.


LaTeX Warning: `h' float specifier changed to `ht'.

<ZdjÄ™cia/ustawieniaROS2Subsciber.png, id=120, 558.085pt x 524.96124pt>
File: ZdjÄ™cia/ustawieniaROS2Subsciber.png Graphic file (type png)
<use ZdjÄ™cia/ustawieniaROS2Subsciber.png>
Package pdftex.def Info: ZdjÄ™cia/ustawieniaROS2Subsciber.png  used on input li
ne 298.
(pdftex.def)             Requested size: 278.69475pt x 262.15956pt.

LaTeX Warning: `h' float specifier changed to `ht'.

<ZdjÄ™cia/pochyleniePrzod.png, id=123, 1729.46124pt x 838.13126pt>
File: ZdjÄ™cia/pochyleniePrzod.png Graphic file (type png)
<use ZdjÄ™cia/pochyleniePrzod.png>
Package pdftex.def Info: ZdjÄ™cia/pochyleniePrzod.png  used on input line 325.
(pdftex.def)             Requested size: 418.04213pt x 202.58795pt.

LaTeX Warning: `h' float specifier changed to `ht'.

<ZdjÄ™cia/pochylenieTyl.png, id=124, 1729.46124pt x 838.13126pt>
File: ZdjÄ™cia/pochylenieTyl.png Graphic file (type png)
<use ZdjÄ™cia/pochylenieTyl.png>
Package pdftex.def Info: ZdjÄ™cia/pochylenieTyl.png  used on input line 332.
(pdftex.def)             Requested size: 418.04213pt x 202.58795pt.

LaTeX Warning: `h' float specifier changed to `ht'.

[8

 <./ZdjÄ™cia/actionGraph.png>] [9 <./ZdjÄ™cia/ustawieniaMakeArray.png> <./ZdjÄ™
cia/ustawieniaROS2Subsciber.png>] [10 <./ZdjÄ™cia/pochyleniePrzod.png> <./ZdjÄ™
cia/pochylenieTyl.png>]
<ZdjÄ™cia/oknoZPrzykladami.png, id=149, 1856.9375pt x 1056.94875pt>
File: ZdjÄ™cia/oknoZPrzykladami.png Graphic file (type png)
<use ZdjÄ™cia/oknoZPrzykladami.png>
Package pdftex.def Info: ZdjÄ™cia/oknoZPrzykladami.png  used on input line 352.

(pdftex.def)             Requested size: 278.69475pt x 158.63223pt.
<ZdjÄ™cia/przykladBoston.png, id=152, 673.51625pt x 369.38pt>
File: ZdjÄ™cia/przykladBoston.png Graphic file (type png)
<use ZdjÄ™cia/przykladBoston.png>
Package pdftex.def Info: ZdjÄ™cia/przykladBoston.png  used on input line 362.
(pdftex.def)             Requested size: 278.69475pt x 152.84457pt.
<ZdjÄ™cia/przykladHumanoid.png, id=153, 469.755pt x 438.63875pt>
File: ZdjÄ™cia/przykladHumanoid.png Graphic file (type png)
<use ZdjÄ™cia/przykladHumanoid.png>
Package pdftex.def Info: ZdjÄ™cia/przykladHumanoid.png  used on input line 369.

(pdftex.def)             Requested size: 278.69475pt x 260.23363pt.


LaTeX Warning: `h' float specifier changed to `ht'.

<ZdjÄ™cia/przykladowaPaletyzacja.png, id=155, 1313.90875pt x 713.66624pt>
File: ZdjÄ™cia/przykladowaPaletyzacja.png Graphic file (type png)
<use ZdjÄ™cia/przykladowaPaletyzacja.png>
Package pdftex.def Info: ZdjÄ™cia/przykladowaPaletyzacja.png  used on input lin
e 378.
(pdftex.def)             Requested size: 278.69475pt x 151.3771pt.

LaTeX Warning: `h' float specifier changed to `ht'.

[11

 <./ZdjÄ™cia/oknoZPrzykladami.png> <./ZdjÄ™cia/przykladBoston.png>] [12 <./ZdjÄ
™cia/przykladHumanoid.png> <./ZdjÄ™cia/przykladowaPaletyzacja.png>]
(main.aux)
 ***********
LaTeX2e <2023-11-01> patch level 1
L3 programming layer <2024-04-11>
 ***********


LaTeX Warning: Label(s) may have changed. Rerun to get cross-references right.


Package rerunfilecheck Warning: File `main.out' has changed.
(rerunfilecheck)                Rerun to get outlines right
(rerunfilecheck)                or use package `bookmark'.

Package rerunfilecheck Info: Checksums for `main.out':
(rerunfilecheck)             Before: 778D0352CD7E265E9A1F57C31715D6CB;2307
(rerunfilecheck)             After:  C2FD3208896864E4420A6E71F9736A3A;4233.
 ) 
Here is how much of TeX's memory you used:
 12522 strings out of 474370
 200769 string characters out of 5741951
 1935754 words of memory out of 5000000
 34753 multiletter control sequences out of 15000+600000
 568546 words of font info for 58 fonts, out of 8000000 for 9000
 1141 hyphenation exceptions out of 8191
 75i,6n,79p,841b,439s stack positions out of 10000i,1000n,20000p,200000b,200000s
 <C:\Users\pc\AppData\Local\MiKTeX\fonts/pk/ljfour/jknappen/ec/dpi600\ectt120
0.pk> <C:\Users\pc\AppData\Local\MiKTeX\fonts/pk/ljfour/jknappen/ec/dpi600\ecbx
1200.pk> <C:\Users\pc\AppData\Local\MiKTeX\fonts/pk/ljfour/jknappen/ec/dpi600\t
crm1200.pk> <C:\Users\pc\AppData\Local\MiKTeX\fonts/pk/ljfour/jknappen/ec/dpi60
0\ecbx1440.pk> <C:\Users\pc\AppData\Local\MiKTeX\fonts/pk/ljfour/jknappen/ec/dp
i600\ecbx1728.pk> <C:\Users\pc\AppData\Local\MiKTeX\fonts/pk/ljfour/jknappen/ec
/dpi600\ecrm1200.pk> <C:\Users\pc\AppData\Local\MiKTeX\fonts/pk/ljfour/jknappen
/ec/dpi600\ecbx2074.pk> <C:\Users\pc\AppData\Local\MiKTeX\fonts/pk/ljfour/jknap
pen/ec/dpi600\ecrm2074.pk><C:/Users/pc/AppData/Local/Programs/MiKTeX/fonts/type
1/public/amsfonts/cm/cmmi12.pfb><C:/Users/pc/AppData/Local/Programs/MiKTeX/font
s/type1/public/amsfonts/cm/cmr12.pfb><C:/Users/pc/AppData/Local/Programs/MiKTeX
/fonts/type1/public/amsfonts/cm/cmsy10.pfb>
Output written on main.pdf (12 pages, 4121985 bytes).
PDF statistics:
 532 PDF objects out of 1000 (max. 8388607)
 45 named destinations out of 1000 (max. 500000)
 159 words of extra memory for PDF output out of 10000 (max. 10000000)

